{"/Users/anupamakushwaha/Downloads/poc_typescript/poc/src/controller/index.ts": {"path":"/Users/anupamakushwaha/Downloads/poc_typescript/poc/src/controller/index.ts","statementMap":{"0":{"start":{"line":6,"column":13},"end":{"line":6,"column":21}},"1":{"start":{"line":2,"column":28},"end":{"line":2,"column":null}},"2":{"start":{"line":3,"column":20},"end":{"line":3,"column":null}},"3":{"start":{"line":4,"column":18},"end":{"line":4,"column":null}},"4":{"start":{"line":5,"column":0},"end":{"line":5,"column":null}},"5":{"start":{"line":6,"column":21},"end":{"line":28,"column":null}},"6":{"start":{"line":7,"column":4},"end":{"line":7,"column":null}},"7":{"start":{"line":8,"column":4},"end":{"line":27,"column":null}},"8":{"start":{"line":9,"column":8},"end":{"line":9,"column":null}},"9":{"start":{"line":10,"column":25},"end":{"line":19,"column":null}},"10":{"start":{"line":20,"column":7},"end":{"line":20,"column":null}},"11":{"start":{"line":21,"column":33},"end":{"line":21,"column":46}},"12":{"start":{"line":22,"column":8},"end":{"line":22,"column":null}},"13":{"start":{"line":24,"column":23},"end":{"line":24,"column":null}},"14":{"start":{"line":25,"column":24},"end":{"line":25,"column":null}},"15":{"start":{"line":26,"column":8},"end":{"line":26,"column":null}}},"fnMap":{"0":{"name":"(anonymous_2)","decl":{"start":{"line":6,"column":21},"end":{"line":6,"column":28}},"loc":{"start":{"line":6,"column":42},"end":{"line":28,"column":null}}}},"branchMap":{"0":{"loc":{"start":{"line":24,"column":23},"end":{"line":24,"column":null}},"type":"binary-expr","locations":[{"start":{"line":24,"column":23},"end":{"line":24,"column":49}},{"start":{"line":24,"column":49},"end":{"line":24,"column":null}}]},"1":{"loc":{"start":{"line":25,"column":24},"end":{"line":25,"column":null}},"type":"binary-expr","locations":[{"start":{"line":25,"column":24},"end":{"line":25,"column":48}},{"start":{"line":25,"column":48},"end":{"line":25,"column":null}}]}},"s":{"0":6,"1":2,"2":2,"3":2,"4":2,"5":2,"6":6,"7":6,"8":6,"9":6,"10":2,"11":2,"12":2,"13":4,"14":4,"15":4},"f":{"0":6},"b":{"0":[4,2],"1":[4,2]}}
,"/Users/anupamakushwaha/Downloads/poc_typescript/poc/src/middlewares/auth.ts": {"path":"/Users/anupamakushwaha/Downloads/poc_typescript/poc/src/middlewares/auth.ts","statementMap":{"0":{"start":{"line":71,"column":9},"end":{"line":71,"column":13}},"1":{"start":{"line":71,"column":15},"end":{"line":71,"column":24}},"2":{"start":{"line":71,"column":26},"end":{"line":71,"column":43}},"3":{"start":{"line":2,"column":28},"end":{"line":2,"column":null}},"4":{"start":{"line":4,"column":20},"end":{"line":4,"column":null}},"5":{"start":{"line":5,"column":16},"end":{"line":5,"column":null}},"6":{"start":{"line":6,"column":20},"end":{"line":6,"column":null}},"7":{"start":{"line":7,"column":18},"end":{"line":7,"column":null}},"8":{"start":{"line":9,"column":30},"end":{"line":12,"column":null}},"9":{"start":{"line":14,"column":25},"end":{"line":14,"column":null}},"10":{"start":{"line":18,"column":13},"end":{"line":37,"column":null}},"11":{"start":{"line":19,"column":4},"end":{"line":36,"column":null}},"12":{"start":{"line":20,"column":22},"end":{"line":20,"column":null}},"13":{"start":{"line":21,"column":8},"end":{"line":23,"column":null}},"14":{"start":{"line":22,"column":12},"end":{"line":22,"column":null}},"15":{"start":{"line":25,"column":23},"end":{"line":27,"column":null}},"16":{"start":{"line":28,"column":20},"end":{"line":28,"column":null}},"17":{"start":{"line":29,"column":26},"end":{"line":29,"column":null}},"18":{"start":{"line":31,"column":8},"end":{"line":31,"column":null}},"19":{"start":{"line":32,"column":8},"end":{"line":32,"column":null}},"20":{"start":{"line":34,"column":8},"end":{"line":34,"column":null}},"21":{"start":{"line":35,"column":8},"end":{"line":35,"column":null}},"22":{"start":{"line":39,"column":18},"end":{"line":47,"column":null}},"23":{"start":{"line":40,"column":4},"end":{"line":40,"column":null}},"24":{"start":{"line":41,"column":18},"end":{"line":41,"column":43}},"25":{"start":{"line":42,"column":4},"end":{"line":44,"column":null}},"26":{"start":{"line":43,"column":8},"end":{"line":43,"column":null}},"27":{"start":{"line":46,"column":4},"end":{"line":46,"column":null}},"28":{"start":{"line":49,"column":26},"end":{"line":69,"column":null}},"29":{"start":{"line":50,"column":4},"end":{"line":68,"column":null}},"30":{"start":{"line":51,"column":8},"end":{"line":64,"column":null}},"31":{"start":{"line":52,"column":32},"end":{"line":52,"column":41}},"32":{"start":{"line":54,"column":12},"end":{"line":56,"column":null}},"33":{"start":{"line":59,"column":16},"end":{"line":59,"column":null}},"34":{"start":{"line":62,"column":12},"end":{"line":62,"column":null}},"35":{"start":{"line":63,"column":12},"end":{"line":63,"column":null}},"36":{"start":{"line":66,"column":8},"end":{"line":66,"column":null}},"37":{"start":{"line":67,"column":8},"end":{"line":67,"column":null}}},"fnMap":{"0":{"name":"(anonymous_5)","decl":{"start":{"line":18,"column":13},"end":{"line":18,"column":20}},"loc":{"start":{"line":18,"column":49},"end":{"line":37,"column":null}}},"1":{"name":"(anonymous_6)","decl":{"start":{"line":39,"column":18},"end":{"line":39,"column":25}},"loc":{"start":{"line":39,"column":54},"end":{"line":47,"column":null}}},"2":{"name":"(anonymous_7)","decl":{"start":{"line":49,"column":26},"end":{"line":49,"column":33}},"loc":{"start":{"line":49,"column":62},"end":{"line":69,"column":null}}}},"branchMap":{"0":{"loc":{"start":{"line":20,"column":22},"end":{"line":20,"column":null}},"type":"binary-expr","locations":[{"start":{"line":20,"column":22},"end":{"line":20,"column":47}},{"start":{"line":20,"column":51},"end":{"line":20,"column":null}}]},"1":{"loc":{"start":{"line":21,"column":8},"end":{"line":23,"column":null}},"type":"if","locations":[{"start":{"line":21,"column":8},"end":{"line":23,"column":null}}]},"2":{"loc":{"start":{"line":42,"column":4},"end":{"line":44,"column":null}},"type":"if","locations":[{"start":{"line":42,"column":4},"end":{"line":44,"column":null}}]},"3":{"loc":{"start":{"line":50,"column":4},"end":{"line":68,"column":null}},"type":"if","locations":[{"start":{"line":50,"column":4},"end":{"line":68,"column":null}},{"start":{"line":65,"column":11},"end":{"line":68,"column":null}}]},"4":{"loc":{"start":{"line":55,"column":44},"end":{"line":55,"column":76}},"type":"binary-expr","locations":[{"start":{"line":55,"column":44},"end":{"line":55,"column":69}},{"start":{"line":55,"column":73},"end":{"line":55,"column":76}}]}},"s":{"0":6,"1":4,"2":6,"3":2,"4":2,"5":2,"6":2,"7":2,"8":2,"9":2,"10":2,"11":6,"12":6,"13":6,"14":2,"15":4,"16":4,"17":4,"18":4,"19":2,"20":2,"21":2,"22":2,"23":4,"24":4,"25":4,"26":2,"27":2,"28":2,"29":6,"30":4,"31":4,"32":4,"33":2,"34":2,"35":2,"36":2,"37":2},"f":{"0":6,"1":4,"2":6},"b":{"0":[6,0],"1":[2],"2":[2],"3":[4,2],"4":[4,0]}}
,"/Users/anupamakushwaha/Downloads/poc_typescript/poc/src/utils/env.ts": {"path":"/Users/anupamakushwaha/Downloads/poc_typescript/poc/src/utils/env.ts","statementMap":{"0":{"start":{"line":62,"column":9},"end":{"line":62,"column":12}},"1":{"start":{"line":62,"column":14},"end":{"line":62,"column":16}},"2":{"start":{"line":1,"column":24},"end":{"line":1,"column":null}},"3":{"start":{"line":2,"column":0},"end":{"line":2,"column":null}},"4":{"start":{"line":28,"column":20},"end":{"line":31,"column":null}},"5":{"start":{"line":29,"column":19},"end":{"line":29,"column":null}},"6":{"start":{"line":30,"column":4},"end":{"line":30,"column":null}},"7":{"start":{"line":33,"column":23},"end":{"line":43,"column":null}},"8":{"start":{"line":45,"column":19},"end":{"line":51,"column":null}},"9":{"start":{"line":52,"column":0},"end":{"line":60,"column":null}},"10":{"start":{"line":53,"column":4},"end":{"line":59,"column":null}}},"fnMap":{"0":{"name":"(anonymous_6)","decl":{"start":{"line":28,"column":20},"end":{"line":28,"column":21}},"loc":{"start":{"line":28,"column":48},"end":{"line":31,"column":null}}}},"branchMap":{"0":{"loc":{"start":{"line":29,"column":28},"end":{"line":29,"column":41}},"type":"binary-expr","locations":[{"start":{"line":29,"column":28},"end":{"line":29,"column":37}},{"start":{"line":29,"column":37},"end":{"line":29,"column":41}}]},"1":{"loc":{"start":{"line":30,"column":11},"end":{"line":30,"column":null}},"type":"cond-expr","locations":[{"start":{"line":30,"column":27},"end":{"line":30,"column":42}},{"start":{"line":30,"column":42},"end":{"line":30,"column":null}}]},"2":{"loc":{"start":{"line":34,"column":13},"end":{"line":34,"column":null}},"type":"binary-expr","locations":[{"start":{"line":34,"column":13},"end":{"line":34,"column":33}},{"start":{"line":34,"column":37},"end":{"line":34,"column":null}}]},"3":{"loc":{"start":{"line":37,"column":9},"end":{"line":37,"column":null}},"type":"binary-expr","locations":[{"start":{"line":37,"column":9},"end":{"line":37,"column":24}},{"start":{"line":37,"column":28},"end":{"line":37,"column":null}}]},"4":{"loc":{"start":{"line":38,"column":10},"end":{"line":38,"column":null}},"type":"binary-expr","locations":[{"start":{"line":38,"column":10},"end":{"line":38,"column":30}},{"start":{"line":38,"column":34},"end":{"line":38,"column":null}}]},"5":{"loc":{"start":{"line":39,"column":16},"end":{"line":39,"column":null}},"type":"binary-expr","locations":[{"start":{"line":39,"column":16},"end":{"line":39,"column":40}},{"start":{"line":39,"column":43},"end":{"line":39,"column":null}}]},"6":{"loc":{"start":{"line":40,"column":19},"end":{"line":40,"column":null}},"type":"binary-expr","locations":[{"start":{"line":40,"column":19},"end":{"line":40,"column":46}},{"start":{"line":40,"column":48},"end":{"line":40,"column":null}}]},"7":{"loc":{"start":{"line":41,"column":23},"end":{"line":41,"column":null}},"type":"binary-expr","locations":[{"start":{"line":41,"column":23},"end":{"line":41,"column":54}},{"start":{"line":41,"column":57},"end":{"line":41,"column":null}}]},"8":{"loc":{"start":{"line":42,"column":18},"end":{"line":42,"column":null}},"type":"binary-expr","locations":[{"start":{"line":42,"column":18},"end":{"line":42,"column":44}},{"start":{"line":42,"column":47},"end":{"line":42,"column":null}}]},"9":{"loc":{"start":{"line":52,"column":0},"end":{"line":60,"column":null}},"type":"if","locations":[{"start":{"line":52,"column":0},"end":{"line":60,"column":null}}]}},"s":{"0":46,"1":0,"2":4,"3":4,"4":4,"5":4,"6":4,"7":4,"8":4,"9":4,"10":4},"f":{"0":4},"b":{"0":[4,0],"1":[0,4],"2":[4,0],"3":[4,4],"4":[4,4],"5":[4,0],"6":[4,0],"7":[4,0],"8":[4,0],"9":[4]}}
,"/Users/anupamakushwaha/Downloads/poc_typescript/poc/src/utils/responseHandler.ts": {"path":"/Users/anupamakushwaha/Downloads/poc_typescript/poc/src/utils/responseHandler.ts","statementMap":{"0":{"start":{"line":9,"column":0},"end":{"line":9,"column":15}},"1":{"start":{"line":9,"column":15},"end":{"line":62,"column":null}},"2":{"start":{"line":16,"column":38},"end":{"line":20,"column":null}},"3":{"start":{"line":21,"column":8},"end":{"line":21,"column":null}},"4":{"start":{"line":29,"column":38},"end":{"line":33,"column":null}},"5":{"start":{"line":34,"column":8},"end":{"line":34,"column":null}},"6":{"start":{"line":42,"column":38},"end":{"line":46,"column":null}},"7":{"start":{"line":47,"column":8},"end":{"line":47,"column":null}},"8":{"start":{"line":55,"column":38},"end":{"line":59,"column":null}},"9":{"start":{"line":60,"column":8},"end":{"line":60,"column":null}}},"fnMap":{"0":{"name":"(anonymous_1)","decl":{"start":{"line":10,"column":20},"end":{"line":10,"column":null}},"loc":{"start":{"line":14,"column":24},"end":{"line":22,"column":null}}},"1":{"name":"(anonymous_2)","decl":{"start":{"line":24,"column":24},"end":{"line":24,"column":null}},"loc":{"start":{"line":27,"column":44},"end":{"line":35,"column":null}}},"2":{"name":"(anonymous_3)","decl":{"start":{"line":37,"column":24},"end":{"line":37,"column":null}},"loc":{"start":{"line":40,"column":50},"end":{"line":48,"column":null}}},"3":{"name":"(anonymous_4)","decl":{"start":{"line":50,"column":30},"end":{"line":50,"column":null}},"loc":{"start":{"line":53,"column":41},"end":{"line":61,"column":null}}}},"branchMap":{"0":{"loc":{"start":{"line":12,"column":8},"end":{"line":12,"column":30}},"type":"default-arg","locations":[{"start":{"line":12,"column":27},"end":{"line":12,"column":30}}]},"1":{"loc":{"start":{"line":13,"column":8},"end":{"line":13,"column":48}},"type":"default-arg","locations":[{"start":{"line":13,"column":26},"end":{"line":13,"column":48}}]},"2":{"loc":{"start":{"line":14,"column":8},"end":{"line":14,"column":24}},"type":"default-arg","locations":[{"start":{"line":14,"column":20},"end":{"line":14,"column":24}}]},"3":{"loc":{"start":{"line":26,"column":8},"end":{"line":26,"column":30}},"type":"default-arg","locations":[{"start":{"line":26,"column":27},"end":{"line":26,"column":30}}]},"4":{"loc":{"start":{"line":27,"column":8},"end":{"line":27,"column":44}},"type":"default-arg","locations":[{"start":{"line":27,"column":26},"end":{"line":27,"column":44}}]},"5":{"loc":{"start":{"line":39,"column":8},"end":{"line":39,"column":30}},"type":"default-arg","locations":[{"start":{"line":39,"column":27},"end":{"line":39,"column":30}}]},"6":{"loc":{"start":{"line":40,"column":8},"end":{"line":40,"column":50}},"type":"default-arg","locations":[{"start":{"line":40,"column":26},"end":{"line":40,"column":50}}]},"7":{"loc":{"start":{"line":52,"column":8},"end":{"line":52,"column":30}},"type":"default-arg","locations":[{"start":{"line":52,"column":27},"end":{"line":52,"column":30}}]},"8":{"loc":{"start":{"line":53,"column":8},"end":{"line":53,"column":41}},"type":"default-arg","locations":[{"start":{"line":53,"column":26},"end":{"line":53,"column":41}}]}},"s":{"0":2,"1":2,"2":0,"3":0,"4":0,"5":0,"6":0,"7":0,"8":0,"9":0},"f":{"0":0,"1":0,"2":0,"3":0},"b":{"0":[0],"1":[0],"2":[0],"3":[0],"4":[0],"5":[0],"6":[0],"7":[0],"8":[0]}}
}
