TN:
SF:src/controller/index.ts
FN:6,(anonymous_2)
FNF:1
FNH:1
FNDA:6,(anonymous_2)
DA:2,2
DA:3,2
DA:4,2
DA:5,2
DA:6,6
DA:7,6
DA:8,6
DA:9,6
DA:10,6
DA:20,2
DA:21,2
DA:22,2
DA:24,4
DA:25,4
DA:26,4
LF:15
LH:15
BRDA:24,0,0,4
BRDA:24,0,1,2
BRDA:25,1,0,4
BRDA:25,1,1,2
BRF:4
BRH:4
end_of_record
TN:
SF:src/middlewares/auth.ts
FN:18,(anonymous_5)
FN:39,(anonymous_6)
FN:49,(anonymous_7)
FNF:3
FNH:3
FNDA:6,(anonymous_5)
FNDA:4,(anonymous_6)
FNDA:6,(anonymous_7)
DA:2,2
DA:4,2
DA:5,2
DA:6,2
DA:7,2
DA:9,2
DA:14,2
DA:18,2
DA:19,6
DA:20,6
DA:21,6
DA:22,2
DA:25,4
DA:28,4
DA:29,4
DA:31,4
DA:32,2
DA:34,2
DA:35,2
DA:39,2
DA:40,4
DA:41,4
DA:42,4
DA:43,2
DA:46,2
DA:49,2
DA:50,6
DA:51,4
DA:52,4
DA:54,4
DA:59,2
DA:62,2
DA:63,2
DA:66,2
DA:67,2
DA:71,6
LF:36
LH:36
BRDA:20,0,0,6
BRDA:20,0,1,0
BRDA:21,1,0,2
BRDA:42,2,0,2
BRDA:50,3,0,4
BRDA:50,3,1,2
BRDA:55,4,0,4
BRDA:55,4,1,0
BRF:8
BRH:6
end_of_record
TN:
SF:src/utils/env.ts
FN:28,(anonymous_6)
FNF:1
FNH:1
FNDA:4,(anonymous_6)
DA:1,4
DA:2,4
DA:28,4
DA:29,4
DA:30,4
DA:33,4
DA:45,4
DA:52,4
DA:53,4
DA:62,46
LF:10
LH:10
BRDA:29,0,0,4
BRDA:29,0,1,0
BRDA:30,1,0,0
BRDA:30,1,1,4
BRDA:34,2,0,4
BRDA:34,2,1,0
BRDA:37,3,0,4
BRDA:37,3,1,4
BRDA:38,4,0,4
BRDA:38,4,1,4
BRDA:39,5,0,4
BRDA:39,5,1,0
BRDA:40,6,0,4
BRDA:40,6,1,0
BRDA:41,7,0,4
BRDA:41,7,1,0
BRDA:42,8,0,4
BRDA:42,8,1,0
BRDA:52,9,0,4
BRF:19
BRH:12
end_of_record
TN:
SF:src/utils/responseHandler.ts
FN:10,(anonymous_1)
FN:24,(anonymous_2)
FN:37,(anonymous_3)
FN:50,(anonymous_4)
FNF:4
FNH:0
FNDA:0,(anonymous_1)
FNDA:0,(anonymous_2)
FNDA:0,(anonymous_3)
FNDA:0,(anonymous_4)
DA:9,2
DA:16,0
DA:21,0
DA:29,0
DA:34,0
DA:42,0
DA:47,0
DA:55,0
DA:60,0
LF:9
LH:1
BRDA:12,0,0,0
BRDA:13,1,0,0
BRDA:14,2,0,0
BRDA:26,3,0,0
BRDA:27,4,0,0
BRDA:39,5,0,0
BRDA:40,6,0,0
BRDA:52,7,0,0
BRDA:53,8,0,0
BRF:9
BRH:0
end_of_record
