TN:
SF:src/controller/index.ts
FN:6,(anonymous_2)
FNF:1
FNH:1
FNDA:3,(anonymous_2)
DA:2,1
DA:3,1
DA:4,1
DA:5,1
DA:6,3
DA:7,3
DA:8,3
DA:9,3
DA:10,3
DA:20,1
DA:21,1
DA:22,1
DA:24,2
DA:25,2
DA:26,2
LF:15
LH:15
BRDA:24,0,0,2
BRDA:24,0,1,1
BRDA:25,1,0,2
BRDA:25,1,1,1
BRF:4
BRH:4
end_of_record
TN:
SF:src/middlewares/auth.ts
FN:20,(anonymous_5)
FN:41,(anonymous_6)
FN:51,(anonymous_7)
FNF:3
FNH:3
FNDA:3,(anonymous_5)
FNDA:2,(anonymous_6)
FNDA:3,(anonymous_7)
DA:2,1
DA:4,1
DA:5,1
DA:6,1
DA:7,1
DA:9,1
DA:14,1
DA:20,1
DA:21,3
DA:22,3
DA:23,3
DA:24,1
DA:27,2
DA:30,2
DA:31,2
DA:33,2
DA:34,1
DA:36,1
DA:37,1
DA:41,1
DA:42,2
DA:43,2
DA:44,2
DA:45,1
DA:48,1
DA:51,1
DA:52,3
DA:53,2
DA:54,2
DA:55,2
DA:60,1
DA:63,1
DA:64,1
DA:67,1
DA:68,1
DA:72,3
LF:36
LH:36
BRDA:22,0,0,3
BRDA:22,0,1,0
BRDA:23,1,0,1
BRDA:44,2,0,1
BRDA:52,3,0,2
BRDA:52,3,1,1
BRDA:56,4,0,2
BRDA:56,4,1,0
BRF:8
BRH:6
end_of_record
TN:
SF:src/utils/env.ts
FN:28,(anonymous_6)
FNF:1
FNH:1
FNDA:2,(anonymous_6)
DA:1,2
DA:2,2
DA:28,2
DA:29,2
DA:30,2
DA:33,2
DA:45,2
DA:52,2
DA:53,2
DA:62,23
LF:10
LH:10
BRDA:29,0,0,2
BRDA:29,0,1,0
BRDA:30,1,0,0
BRDA:30,1,1,2
BRDA:34,2,0,2
BRDA:34,2,1,0
BRDA:37,3,0,2
BRDA:37,3,1,2
BRDA:38,4,0,2
BRDA:38,4,1,2
BRDA:39,5,0,2
BRDA:39,5,1,0
BRDA:40,6,0,2
BRDA:40,6,1,0
BRDA:41,7,0,2
BRDA:41,7,1,0
BRDA:42,8,0,2
BRDA:42,8,1,0
BRDA:52,9,0,2
BRF:19
BRH:12
end_of_record
TN:
SF:src/utils/responseHandler.ts
FN:10,(anonymous_1)
FN:24,(anonymous_2)
FN:37,(anonymous_3)
FN:50,(anonymous_4)
FNF:4
FNH:0
FNDA:0,(anonymous_1)
FNDA:0,(anonymous_2)
FNDA:0,(anonymous_3)
FNDA:0,(anonymous_4)
DA:9,1
DA:16,0
DA:21,0
DA:29,0
DA:34,0
DA:42,0
DA:47,0
DA:55,0
DA:60,0
LF:9
LH:1
BRDA:12,0,0,0
BRDA:13,1,0,0
BRDA:14,2,0,0
BRDA:26,3,0,0
BRDA:27,4,0,0
BRDA:39,5,0,0
BRDA:40,6,0,0
BRDA:52,7,0,0
BRDA:53,8,0,0
BRF:9
BRH:0
end_of_record
